info  - Linting and checking validity of types...
warn  - No ESLint configuration detected. Run next lint to begin setup
info  - Creating an optimized production build...
info  - Compiled successfully
info  - Collecting page data...
info  - Generating static pages (0/4)
info  - Generating static pages (1/4)
info  - Generating static pages (2/4)
info  - Generating static pages (3/4)
info  - Generating static pages (4/4)
info  - Finalizing page optimization...

Page                                       Size     First Load JS
┌ ○ /                                      464 B          79.1 kB
├   /_app                                  0 B            78.6 kB
├ ○ /404                                   195 B          78.8 kB
└ ○ /product                               278 B          78.9 kB
+ First Load JS shared by all              78.6 kB
  ├ chunks/framework-b9ffbff59ee7f9e8.js   45.2 kB
  ├ chunks/main-d4d66410ad50aee8.js        32.1 kB
  ├ chunks/pages/_app-e6ca0c1f5d895b98.js  496 B
  ├ chunks/webpack-69bfa6990bb9e155.js     769 B
  └ css/8f78af4c5ae6f4e0.css               264 B

○  (Static)  automatically rendered as static HTML (uses no initial props)

